<?xml version="1.0" encoding="UTF-8"?>
<testng-results skipped="9" failed="1" total="10" passed="0">
  <reporter-output>
  </reporter-output>
  <suite name="Crmtest" duration-ms="63838" started-at="2018-04-25T16:36:25Z" finished-at="2018-04-25T16:37:29Z">
    <groups>
    </groups>
    <test name="crmtestcases" duration-ms="63838" started-at="2018-04-25T16:36:25Z" finished-at="2018-04-25T16:37:29Z">
      <class name="com_crm_qa_test.LoginPageTest">
        <test-method status="FAIL" signature="setUp()[pri:0, instance:com_crm_qa_test.LoginPageTest@6c3708b3]" name="setUp" is-config="true" duration-ms="0" started-at="2018-04-25T22:06:25Z" finished-at="2018-04-25T22:06:25Z">
          <exception class="org.openqa.selenium.TimeoutException">
            <message>
              <![CDATA[Timeout loading page after 20000ms
Build info: version: '3.8.1', revision: '6e95a6684b', time: '2017-12-01T18:33:54.468Z'
System info: host: 'PARAG-PC', ip: '192.168.225.200', os.name: 'Windows 7', os.arch: 'amd64', os.version: '6.1', java.version: '1.8.0_151'
Driver info: org.openqa.selenium.firefox.FirefoxDriver
Capabilities {acceptInsecureCerts: true, browserName: firefox, browserVersion: 54.0.1, javascriptEnabled: true, moz:accessibilityChecks: false, moz:processID: 716, moz:profile: C:\Users\Parag\AppData\Loca..., pageLoadStrategy: normal, platform: XP, platformName: XP, platformVersion: 6.1, rotatable: false, specificationLevel: 0, timeouts: {implicit: 0, pageLoad: 300000, script: 30000}}
Session ID: e5f2685d-719b-4240-a0a6-28d30b05542e]]>
            </message>
            <full-stacktrace>
              <![CDATA[org.openqa.selenium.TimeoutException: Timeout loading page after 20000ms
Build info: version: '3.8.1', revision: '6e95a6684b', time: '2017-12-01T18:33:54.468Z'
System info: host: 'PARAG-PC', ip: '192.168.225.200', os.name: 'Windows 7', os.arch: 'amd64', os.version: '6.1', java.version: '1.8.0_151'
Driver info: org.openqa.selenium.firefox.FirefoxDriver
Capabilities {acceptInsecureCerts: true, browserName: firefox, browserVersion: 54.0.1, javascriptEnabled: true, moz:accessibilityChecks: false, moz:processID: 716, moz:profile: C:\Users\Parag\AppData\Loca..., pageLoadStrategy: normal, platform: XP, platformName: XP, platformVersion: 6.1, rotatable: false, specificationLevel: 0, timeouts: {implicit: 0, pageLoad: 300000, script: 30000}}
Session ID: e5f2685d-719b-4240-a0a6-28d30b05542e
	at sun.reflect.NativeConstructorAccessorImpl.newInstance0(Native Method)
	at sun.reflect.NativeConstructorAccessorImpl.newInstance(Unknown Source)
	at sun.reflect.DelegatingConstructorAccessorImpl.newInstance(Unknown Source)
	at java.lang.reflect.Constructor.newInstance(Unknown Source)
	at org.openqa.selenium.remote.http.W3CHttpResponseCodec.createException(W3CHttpResponseCodec.java:187)
	at org.openqa.selenium.remote.http.W3CHttpResponseCodec.decode(W3CHttpResponseCodec.java:122)
	at org.openqa.selenium.remote.http.W3CHttpResponseCodec.decode(W3CHttpResponseCodec.java:49)
	at org.openqa.selenium.remote.HttpCommandExecutor.execute(HttpCommandExecutor.java:164)
	at org.openqa.selenium.remote.service.DriverCommandExecutor.execute(DriverCommandExecutor.java:83)
	at org.openqa.selenium.remote.RemoteWebDriver.execute(RemoteWebDriver.java:601)
	at org.openqa.selenium.remote.RemoteWebDriver.get(RemoteWebDriver.java:325)
	at sun.reflect.NativeMethodAccessorImpl.invoke0(Native Method)
	at sun.reflect.NativeMethodAccessorImpl.invoke(Unknown Source)
	at sun.reflect.DelegatingMethodAccessorImpl.invoke(Unknown Source)
	at java.lang.reflect.Method.invoke(Unknown Source)
	at org.openqa.selenium.support.events.EventFiringWebDriver$2.invoke(EventFiringWebDriver.java:108)
	at com.sun.proxy.$Proxy11.get(Unknown Source)
	at org.openqa.selenium.support.events.EventFiringWebDriver.get(EventFiringWebDriver.java:167)
	at com_crm_qa_base.TestBase.initalization(TestBase.java:65)
	at com_crm_qa_test.LoginPageTest.setUp(LoginPageTest.java:28)
	at sun.reflect.NativeMethodAccessorImpl.invoke0(Native Method)
	at sun.reflect.NativeMethodAccessorImpl.invoke(Unknown Source)
	at sun.reflect.DelegatingMethodAccessorImpl.invoke(Unknown Source)
	at java.lang.reflect.Method.invoke(Unknown Source)
	at org.testng.internal.MethodInvocationHelper.invokeMethod(MethodInvocationHelper.java:80)
	at org.testng.internal.Invoker.invokeConfigurationMethod(Invoker.java:564)
	at org.testng.internal.Invoker.invokeConfigurations(Invoker.java:213)
	at org.testng.internal.Invoker.invokeConfigurations(Invoker.java:138)
	at org.testng.TestRunner.beforeRun(TestRunner.java:641)
	at org.testng.TestRunner.run(TestRunner.java:609)
	at org.testng.SuiteRunner.runTest(SuiteRunner.java:334)
	at org.testng.SuiteRunner.access$000(SuiteRunner.java:37)
	at org.testng.SuiteRunner$SuiteWorker.run(SuiteRunner.java:368)
	at org.testng.internal.thread.ThreadUtil$2.call(ThreadUtil.java:64)
	at java.util.concurrent.FutureTask.run(Unknown Source)
	at java.util.concurrent.ThreadPoolExecutor.runWorker(Unknown Source)
	at java.util.concurrent.ThreadPoolExecutor$Worker.run(Unknown Source)
	at java.lang.Thread.run(Unknown Source)
]]>
            </full-stacktrace>
          </exception> <!-- org.openqa.selenium.TimeoutException -->
          <reporter-output>
          </reporter-output>
        </test-method> <!-- setUp -->
        <test-method status="SKIP" signature="loginPageTitleTest()[pri:0, instance:com_crm_qa_test.LoginPageTest@6c3708b3]" name="loginPageTitleTest" duration-ms="1" started-at="2018-04-25T22:07:28Z" finished-at="2018-04-25T22:07:28Z">
          <reporter-output>
          </reporter-output>
        </test-method> <!-- loginPageTitleTest -->
        <test-method status="SKIP" signature="crmLogoImageTest()[pri:0, instance:com_crm_qa_test.LoginPageTest@6c3708b3]" name="crmLogoImageTest" duration-ms="1" started-at="2018-04-25T22:07:28Z" finished-at="2018-04-25T22:07:28Z">
          <reporter-output>
          </reporter-output>
        </test-method> <!-- crmLogoImageTest -->
        <test-method status="SKIP" signature="loginTest()[pri:0, instance:com_crm_qa_test.LoginPageTest@6c3708b3]" name="loginTest" duration-ms="0" started-at="2018-04-25T22:07:29Z" finished-at="2018-04-25T22:07:29Z">
          <reporter-output>
          </reporter-output>
        </test-method> <!-- loginTest -->
        <test-method status="SKIP" signature="tearDown()[pri:0, instance:com_crm_qa_test.LoginPageTest@6c3708b3]" name="tearDown" is-config="true" duration-ms="0" started-at="2018-04-25T22:07:29Z" finished-at="2018-04-25T22:07:29Z">
          <reporter-output>
          </reporter-output>
        </test-method> <!-- tearDown -->
      </class> <!-- com_crm_qa_test.LoginPageTest -->
      <class name="com_crm_qa_test.ContactPageTest">
        <test-method status="SKIP" signature="setUp()[pri:0, instance:com_crm_qa_test.ContactPageTest@3e9b1010]" name="setUp" is-config="true" duration-ms="0" started-at="2018-04-25T22:07:28Z" finished-at="2018-04-25T22:07:28Z">
          <reporter-output>
          </reporter-output>
        </test-method> <!-- setUp -->
        <test-method status="SKIP" signature="verifyContactsPageLabel()[pri:0, instance:com_crm_qa_test.ContactPageTest@3e9b1010]" name="verifyContactsPageLabel" duration-ms="1" started-at="2018-04-25T22:07:28Z" finished-at="2018-04-25T22:07:28Z">
          <reporter-output>
          </reporter-output>
        </test-method> <!-- verifyContactsPageLabel -->
        <test-method status="SKIP" signature="teardown()[pri:0, instance:com_crm_qa_test.ContactPageTest@3e9b1010]" name="teardown" is-config="true" duration-ms="0" started-at="2018-04-25T22:07:28Z" finished-at="2018-04-25T22:07:28Z">
          <reporter-output>
          </reporter-output>
        </test-method> <!-- teardown -->
        <test-method status="FAIL" signature="validateCreateNewContact(java.lang.String, java.lang.String, java.lang.String, java.lang.String)[pri:0, instance:com_crm_qa_test.ContactPageTest@3e9b1010]" name="validateCreateNewContact" duration-ms="0" started-at="2018-04-25T22:07:29Z" data-provider="getCRMTestData" finished-at="2018-04-25T22:07:29Z">
          <exception class="java.lang.RuntimeException">
            <message>
              <![CDATA[java.lang.NullPointerException]]>
            </message>
            <full-stacktrace>
              <![CDATA[java.lang.RuntimeException: java.lang.NullPointerException
	at org.testng.internal.MethodInvocationHelper.invokeDataProvider(MethodInvocationHelper.java:143)
	at org.testng.internal.Parameters.handleParameters(Parameters.java:426)
	at org.testng.internal.Invoker.handleParameters(Invoker.java:1383)
	at org.testng.internal.Invoker.createParameters(Invoker.java:1075)
	at org.testng.internal.Invoker.invokeTestMethods(Invoker.java:1180)
	at org.testng.internal.TestMethodWorker.invokeTestMethods(TestMethodWorker.java:127)
	at org.testng.internal.TestMethodWorker.run(TestMethodWorker.java:111)
	at org.testng.TestRunner.privateRun(TestRunner.java:767)
	at org.testng.TestRunner.run(TestRunner.java:617)
	at org.testng.SuiteRunner.runTest(SuiteRunner.java:334)
	at org.testng.SuiteRunner.access$000(SuiteRunner.java:37)
	at org.testng.SuiteRunner$SuiteWorker.run(SuiteRunner.java:368)
	at org.testng.internal.thread.ThreadUtil$2.call(ThreadUtil.java:64)
	at java.util.concurrent.FutureTask.run(Unknown Source)
	at java.util.concurrent.ThreadPoolExecutor.runWorker(Unknown Source)
	at java.util.concurrent.ThreadPoolExecutor$Worker.run(Unknown Source)
	at java.lang.Thread.run(Unknown Source)
Caused by: java.lang.NullPointerException
	at org.apache.poi.poifs.filesystem.FileMagic.prepareToCheckMagic(FileMagic.java:148)
	at org.apache.poi.ss.usermodel.WorkbookFactory.create(WorkbookFactory.java:175)
	at org.apache.poi.ss.usermodel.WorkbookFactory.create(WorkbookFactory.java:149)
	at com_crm_qa_util.Test_Util.getTestData(Test_Util.java:49)
	at com_crm_qa_test.ContactPageTest.getCRMTestData(ContactPageTest.java:71)
	at sun.reflect.NativeMethodAccessorImpl.invoke0(Native Method)
	at sun.reflect.NativeMethodAccessorImpl.invoke(Unknown Source)
	at sun.reflect.DelegatingMethodAccessorImpl.invoke(Unknown Source)
	at java.lang.reflect.Method.invoke(Unknown Source)
	at org.testng.internal.MethodInvocationHelper.invokeMethod(MethodInvocationHelper.java:80)
	at org.testng.internal.MethodInvocationHelper.invokeDataProvider(MethodInvocationHelper.java:117)
	... 16 more
]]>
            </full-stacktrace>
          </exception> <!-- java.lang.RuntimeException -->
          <reporter-output>
          </reporter-output>
        </test-method> <!-- validateCreateNewContact -->
        <test-method status="SKIP" signature="setUp()[pri:0, instance:com_crm_qa_test.ContactPageTest@3e9b1010]" name="setUp" is-config="true" duration-ms="0" started-at="2018-04-25T22:07:29Z" finished-at="2018-04-25T22:07:29Z">
          <reporter-output>
          </reporter-output>
        </test-method> <!-- setUp -->
        <test-method status="SKIP" signature="selectSingleContactsTest()[pri:0, instance:com_crm_qa_test.ContactPageTest@3e9b1010]" name="selectSingleContactsTest" duration-ms="1" started-at="2018-04-25T22:07:29Z" finished-at="2018-04-25T22:07:29Z">
          <reporter-output>
          </reporter-output>
        </test-method> <!-- selectSingleContactsTest -->
        <test-method status="SKIP" signature="teardown()[pri:0, instance:com_crm_qa_test.ContactPageTest@3e9b1010]" name="teardown" is-config="true" duration-ms="0" started-at="2018-04-25T22:07:29Z" finished-at="2018-04-25T22:07:29Z">
          <reporter-output>
          </reporter-output>
        </test-method> <!-- teardown -->
        <test-method status="SKIP" signature="selectMultipleContactsTest()[pri:0, instance:com_crm_qa_test.ContactPageTest@3e9b1010]" name="selectMultipleContactsTest" duration-ms="1" started-at="2018-04-25T22:07:29Z" finished-at="2018-04-25T22:07:29Z">
          <reporter-output>
          </reporter-output>
        </test-method> <!-- selectMultipleContactsTest -->
        <test-method status="SKIP" signature="setUp()[pri:0, instance:com_crm_qa_test.ContactPageTest@3e9b1010]" name="setUp" is-config="true" duration-ms="0" started-at="2018-04-25T22:07:29Z" finished-at="2018-04-25T22:07:29Z">
          <reporter-output>
          </reporter-output>
        </test-method> <!-- setUp -->
        <test-method status="SKIP" signature="teardown()[pri:0, instance:com_crm_qa_test.ContactPageTest@3e9b1010]" name="teardown" is-config="true" duration-ms="0" started-at="2018-04-25T22:07:29Z" finished-at="2018-04-25T22:07:29Z">
          <reporter-output>
          </reporter-output>
        </test-method> <!-- teardown -->
      </class> <!-- com_crm_qa_test.ContactPageTest -->
      <class name="com_crm_qa_test.HomePageTest">
        <test-method status="SKIP" signature="setUp()[pri:0, instance:com_crm_qa_test.HomePageTest@56235b8e]" name="setUp" is-config="true" duration-ms="0" started-at="2018-04-25T22:07:28Z" finished-at="2018-04-25T22:07:28Z">
          <reporter-output>
          </reporter-output>
        </test-method> <!-- setUp -->
        <test-method status="SKIP" signature="verifyHomePageTitleTest()[pri:0, instance:com_crm_qa_test.HomePageTest@56235b8e]" name="verifyHomePageTitleTest" duration-ms="1" started-at="2018-04-25T22:07:28Z" finished-at="2018-04-25T22:07:28Z">
          <reporter-output>
          </reporter-output>
        </test-method> <!-- verifyHomePageTitleTest -->
        <test-method status="SKIP" signature="tearDown()[pri:0, instance:com_crm_qa_test.HomePageTest@56235b8e]" name="tearDown" is-config="true" duration-ms="0" started-at="2018-04-25T22:07:28Z" finished-at="2018-04-25T22:07:28Z">
          <reporter-output>
          </reporter-output>
        </test-method> <!-- tearDown -->
        <test-method status="SKIP" signature="setUp()[pri:0, instance:com_crm_qa_test.HomePageTest@56235b8e]" name="setUp" is-config="true" duration-ms="0" started-at="2018-04-25T22:07:28Z" finished-at="2018-04-25T22:07:28Z">
          <reporter-output>
          </reporter-output>
        </test-method> <!-- setUp -->
        <test-method status="SKIP" signature="verifyUserNameTest()[pri:0, instance:com_crm_qa_test.HomePageTest@56235b8e]" name="verifyUserNameTest" duration-ms="1" started-at="2018-04-25T22:07:28Z" finished-at="2018-04-25T22:07:28Z">
          <reporter-output>
          </reporter-output>
        </test-method> <!-- verifyUserNameTest -->
        <test-method status="SKIP" signature="tearDown()[pri:0, instance:com_crm_qa_test.HomePageTest@56235b8e]" name="tearDown" is-config="true" duration-ms="0" started-at="2018-04-25T22:07:28Z" finished-at="2018-04-25T22:07:28Z">
          <reporter-output>
          </reporter-output>
        </test-method> <!-- tearDown -->
        <test-method status="SKIP" signature="setUp()[pri:0, instance:com_crm_qa_test.HomePageTest@56235b8e]" name="setUp" is-config="true" duration-ms="0" started-at="2018-04-25T22:07:29Z" finished-at="2018-04-25T22:07:29Z">
          <reporter-output>
          </reporter-output>
        </test-method> <!-- setUp -->
        <test-method status="SKIP" signature="verifyContactsLinkTest()[pri:0, instance:com_crm_qa_test.HomePageTest@56235b8e]" name="verifyContactsLinkTest" duration-ms="1" started-at="2018-04-25T22:07:29Z" finished-at="2018-04-25T22:07:29Z">
          <reporter-output>
          </reporter-output>
        </test-method> <!-- verifyContactsLinkTest -->
        <test-method status="SKIP" signature="tearDown()[pri:0, instance:com_crm_qa_test.HomePageTest@56235b8e]" name="tearDown" is-config="true" duration-ms="0" started-at="2018-04-25T22:07:29Z" finished-at="2018-04-25T22:07:29Z">
          <reporter-output>
          </reporter-output>
        </test-method> <!-- tearDown -->
      </class> <!-- com_crm_qa_test.HomePageTest -->
    </test> <!-- crmtestcases -->
  </suite> <!-- Crmtest -->
</testng-results>
